c:\users\iarza\desktop\sdl2-0-7examplesvcws (4)\jokoa\debug\02simplegame.lib
c:\users\iarza\desktop\sdl2-0-7examplesvcws (4)\jokoa\debug\02simplegame.exp
c:\users\iarza\desktop\sdl2-0-7examplesvcws (4)\jokoa\02simplegame\debug\vc141.pdb
c:\users\iarza\desktop\sdl2-0-7examplesvcws (4)\jokoa\02simplegame\debug\vc141.idb
c:\users\iarza\desktop\sdl2-0-7examplesvcws (4)\jokoa\02simplegame\debug\game02.obj
c:\users\iarza\desktop\sdl2-0-7examplesvcws (4)\jokoa\02simplegame\debug\02simplegamemain.obj
c:\users\iarza\desktop\sdl2-0-7examplesvcws (4)\jokoa\02simplegame\debug\text.obj
c:\users\iarza\desktop\sdl2-0-7examplesvcws (4)\jokoa\02simplegame\debug\soinua.obj
c:\users\iarza\desktop\sdl2-0-7examplesvcws (4)\jokoa\02simplegame\debug\imagen.obj
c:\users\iarza\desktop\sdl2-0-7examplesvcws (4)\jokoa\02simplegame\debug\graphics.obj
c:\users\iarza\desktop\sdl2-0-7examplesvcws (4)\jokoa\02simplegame\debug\ebentoak.obj
c:\users\iarza\desktop\sdl2-0-7examplesvcws (4)\jokoa\debug\02simplegame.exe
c:\users\iarza\desktop\sdl2-0-7examplesvcws (4)\jokoa\debug\02simplegame.ilk
c:\users\iarza\desktop\sdl2-0-7examplesvcws (4)\jokoa\debug\02simplegame.pdb
c:\users\iarza\desktop\sdl2-0-7examplesvcws (4)\jokoa\02simplegame\debug\02simplegame.tlog\02simplegame.write.1u.tlog
c:\users\iarza\desktop\sdl2-0-7examplesvcws (4)\jokoa\02simplegame\debug\02simplegame.tlog\cl.command.1.tlog
c:\users\iarza\desktop\sdl2-0-7examplesvcws (4)\jokoa\02simplegame\debug\02simplegame.tlog\cl.read.1.tlog
c:\users\iarza\desktop\sdl2-0-7examplesvcws (4)\jokoa\02simplegame\debug\02simplegame.tlog\cl.write.1.tlog
c:\users\iarza\desktop\sdl2-0-7examplesvcws (4)\jokoa\02simplegame\debug\02simplegame.tlog\link.command.1.tlog
c:\users\iarza\desktop\sdl2-0-7examplesvcws (4)\jokoa\02simplegame\debug\02simplegame.tlog\link.read.1.tlog
c:\users\iarza\desktop\sdl2-0-7examplesvcws (4)\jokoa\02simplegame\debug\02simplegame.tlog\link.write.1.tlog
